<?xml version="1.0" encoding="UTF-8"?>
<testsuite xmlns:xsi="http://www.w3.org/2001/XMLSchema-instance" xsi:noNamespaceSchemaLocation="https://maven.apache.org/surefire/maven-surefire-plugin/xsd/surefire-test-report.xsd" name="com.qa.runner.TestRunner" time="18.141" tests="11" errors="2" skipped="1" failures="2">
  <properties>
[...]
</properties>
  <testcase name="Given opens the browser" classname="Scenario: Kitaboo Invalid Login Test" time="0.001"/>
  <testcase name="Then user will enter invalid username and invalid password" classname="Scenario: Kitaboo Invalid Login Test" time="0"/>
  <testcase name="Then error message will be displayed" classname="Scenario: Kitaboo Invalid Login Test" time="0.004">
    <failure message="expected:&lt;[]&gt; but was:&lt;[Username or Password entered is incorrect]&gt;" type="org.junit.ComparisonFailure"><![CDATA[org.junit.ComparisonFailure: expected:<[]> but was:<[Username or Password entered is incorrect]>
]]></failure>
  </testcase>
  <testcase name="Scenario: Kitaboo Invalid Login Test" classname="Scenario: Kitaboo Invalid Login Test" time="0.004">
    <failure message="expected:&lt;[]&gt; but was:&lt;[Username or Password entered is incorrect]&gt;" type="org.junit.ComparisonFailure"><![CDATA[org.junit.ComparisonFailure: expected:<[]> but was:<[Username or Password entered is incorrect]>
]]></failure>
  </testcase>
  <testcase name="Given opens the browser" classname="Scenario: Kitaboo Valid Login Test" time="0.001"/>
  <testcase name="Then user will enter valid username and valid password" classname="Scenario: Kitaboo Valid Login Test" time="0"/>
  <testcase name="Then User will navigate to homepage" classname="Scenario: Kitaboo Valid Login Test" time="0"/>
  <testcase name="Scenario: Kitaboo Valid Login Test" classname="Scenario: Kitaboo Valid Login Test" time="0"/>
  <testcase name="Given user will click on profile icon and upload the picture" classname="Scenario: Change the profile picture" time="0.003">
    <error message="no such element: Unable to locate element: {&quot;method&quot;:&quot;xpath&quot;,&quot;selector&quot;:&quot;//button[@aria-label=&apos;Profile&apos;]&quot;}&#10;  (Session info: chrome=83.0.4103.116)&#10;For documentation on this error, please visit: http://seleniumhq.org/exceptions/no_such_element.html&#10;Build info: version: &apos;3.11.0&apos;, revision: &apos;e59cfb3&apos;, time: &apos;2018-03-11T20:26:55.152Z&apos;&#10;System info: host: &apos;MAYURKHOBR045&apos;, ip: &apos;192.168.10.6&apos;, os.name: &apos;Windows 10&apos;, os.arch: &apos;amd64&apos;, os.version: &apos;10.0&apos;, java.version: &apos;1.8.0_101&apos;&#10;Driver info: org.openqa.selenium.chrome.ChromeDriver&#10;Capabilities {acceptInsecureCerts: false, browserName: chrome, browserVersion: 83.0.4103.116, chrome: {chromedriverVersion: 83.0.4103.39 (ccbf011cb2d2b..., userDataDir: C:\Users\MAYUR~1.KHO\AppDat...}, goog:chromeOptions: {debuggerAddress: localhost:62667}, javascriptEnabled: true, networkConnectionEnabled: false, pageLoadStrategy: normal, platform: WINDOWS, platformName: WINDOWS, proxy: Proxy(), setWindowRect: true, strictFileInteractability: false, timeouts: {implicit: 0, pageLoad: 300000, script: 30000}, unhandledPromptBehavior: dismiss and notify, webauthn:virtualAuthenticators: true}&#10;Session ID: 817832ed1352c252dd7bc3dd28e0d6d4&#10;*** Element info: {Using=xpath, value=//button[@aria-label=&apos;Profile&apos;]}" type="org.openqa.selenium.NoSuchElementException">org.openqa.selenium.NoSuchElementException: 
no such element: Unable to locate element: {"method":"xpath","selector":"//button[@aria-label='Profile']"}
  (Session info: chrome=83.0.4103.116)
For documentation on this error, please visit: http://seleniumhq.org/exceptions/no_such_element.html
Build info: version: '3.11.0', revision: 'e59cfb3', time: '2018-03-11T20:26:55.152Z'
System info: host: 'MAYURKHOBR045', ip: '192.168.10.6', os.name: 'Windows 10', os.arch: 'amd64', os.version: '10.0', java.version: '1.8.0_101'
Driver info: org.openqa.selenium.chrome.ChromeDriver
Capabilities {acceptInsecureCerts: false, browserName: chrome, browserVersion: 83.0.4103.116, chrome: {chromedriverVersion: 83.0.4103.39 (ccbf011cb2d2b..., userDataDir: C:\Users\MAYUR~1.KHO\AppDat...}, goog:chromeOptions: {debuggerAddress: localhost:62667}, javascriptEnabled: true, networkConnectionEnabled: false, pageLoadStrategy: normal, platform: WINDOWS, platformName: WINDOWS, proxy: Proxy(), setWindowRect: true, strictFileInteractability: false, timeouts: {implicit: 0, pageLoad: 300000, script: 30000}, unhandledPromptBehavior: dismiss and notify, webauthn:virtualAuthenticators: true}
Session ID: 817832ed1352c252dd7bc3dd28e0d6d4
*** Element info: {Using=xpath, value=//button[@aria-label='Profile']}
</error>
    <system-out><![CDATA[
  @SmokeTest
  Scenario: Kitaboo Valid Login Test                       # C:/Users/mayur.khobragade/Mayur-Eclipsedata/eclipse-workspace/POMCucumberFramework/src/main/java/com/qa/features/Kitaboo.feature:11
    Given opens the browser                                # HomeSteps.opens_the_browser()
    Then user will enter valid username and valid password # HomeSteps.user_will_enter_valid_username_and_valid_password()
    Then User will navigate to homepage                    # HomeSteps.user_will_navigate_to_homepage()
]]></system-out>
  </testcase>
  <testcase name="Scenario: Change the profile picture" classname="Scenario: Change the profile picture" time="0.004">
    <error message="no such element: Unable to locate element: {&quot;method&quot;:&quot;xpath&quot;,&quot;selector&quot;:&quot;//button[@aria-label=&apos;Profile&apos;]&quot;}&#10;  (Session info: chrome=83.0.4103.116)&#10;For documentation on this error, please visit: http://seleniumhq.org/exceptions/no_such_element.html&#10;Build info: version: &apos;3.11.0&apos;, revision: &apos;e59cfb3&apos;, time: &apos;2018-03-11T20:26:55.152Z&apos;&#10;System info: host: &apos;MAYURKHOBR045&apos;, ip: &apos;192.168.10.6&apos;, os.name: &apos;Windows 10&apos;, os.arch: &apos;amd64&apos;, os.version: &apos;10.0&apos;, java.version: &apos;1.8.0_101&apos;&#10;Driver info: org.openqa.selenium.chrome.ChromeDriver&#10;Capabilities {acceptInsecureCerts: false, browserName: chrome, browserVersion: 83.0.4103.116, chrome: {chromedriverVersion: 83.0.4103.39 (ccbf011cb2d2b..., userDataDir: C:\Users\MAYUR~1.KHO\AppDat...}, goog:chromeOptions: {debuggerAddress: localhost:62667}, javascriptEnabled: true, networkConnectionEnabled: false, pageLoadStrategy: normal, platform: WINDOWS, platformName: WINDOWS, proxy: Proxy(), setWindowRect: true, strictFileInteractability: false, timeouts: {implicit: 0, pageLoad: 300000, script: 30000}, unhandledPromptBehavior: dismiss and notify, webauthn:virtualAuthenticators: true}&#10;Session ID: 817832ed1352c252dd7bc3dd28e0d6d4&#10;*** Element info: {Using=xpath, value=//button[@aria-label=&apos;Profile&apos;]}" type="org.openqa.selenium.NoSuchElementException">org.openqa.selenium.NoSuchElementException: 
no such element: Unable to locate element: {"method":"xpath","selector":"//button[@aria-label='Profile']"}
  (Session info: chrome=83.0.4103.116)
For documentation on this error, please visit: http://seleniumhq.org/exceptions/no_such_element.html
Build info: version: '3.11.0', revision: 'e59cfb3', time: '2018-03-11T20:26:55.152Z'
System info: host: 'MAYURKHOBR045', ip: '192.168.10.6', os.name: 'Windows 10', os.arch: 'amd64', os.version: '10.0', java.version: '1.8.0_101'
Driver info: org.openqa.selenium.chrome.ChromeDriver
Capabilities {acceptInsecureCerts: false, browserName: chrome, browserVersion: 83.0.4103.116, chrome: {chromedriverVersion: 83.0.4103.39 (ccbf011cb2d2b..., userDataDir: C:\Users\MAYUR~1.KHO\AppDat...}, goog:chromeOptions: {debuggerAddress: localhost:62667}, javascriptEnabled: true, networkConnectionEnabled: false, pageLoadStrategy: normal, platform: WINDOWS, platformName: WINDOWS, proxy: Proxy(), setWindowRect: true, strictFileInteractability: false, timeouts: {implicit: 0, pageLoad: 300000, script: 30000}, unhandledPromptBehavior: dismiss and notify, webauthn:virtualAuthenticators: true}
Session ID: 817832ed1352c252dd7bc3dd28e0d6d4
*** Element info: {Using=xpath, value=//button[@aria-label='Profile']}
</error>
  </testcase>
  <testcase name="Then user will click on save button" classname="Scenario: Change the profile picture" time="0">
    <skipped/>
  </testcase>
</testsuite>